
--------------------------------------------------------------------------------------
 Mapping parameters
--------------------------------------------------------------------------------------
 Dimensionality:           3
 Output name prefix:       S1__output
 Fixed images:             fa.nii.gz
 Moving images:            mni_masked.nii.gz
 Mask images:              
 Initial transforms:       
 Number of threads:        4
 Spline distance:          26
 SyN gradient step:        0.1
 Transform type:           a
 MI histogram bins:        32
 Precision:                d
 Use histogram matching:   0
 Repro                     0
======================================================================================
 antsRegistration call:
--------------------------------------------------------------------------------------
antsRegistration --verbose 1 --random-seed 1234 --dimensionality 3 --float 0 --collapse-output-transforms 1 --output [ S1__output,S1__outputWarped.nii.gz,S1__outputInverseWarped.nii.gz ] --interpolation Linear --use-histogram-matching 0 --winsorize-image-intensities [ 0.005,0.995 ] --initial-moving-transform [ fa.nii.gz,mni_masked.nii.gz,1 ] --transform Rigid[ 0.1 ] --metric MI[ fa.nii.gz,mni_masked.nii.gz,1,32,Regular,0.25 ] --convergence [ 1000x500x250x0,1e-6,10 ] --shrink-factors 8x4x2x1 --smoothing-sigmas 3x2x1x0vox --transform Affine[ 0.1 ] --metric MI[ fa.nii.gz,mni_masked.nii.gz,1,32,Regular,0.25 ] --convergence [ 1000x500x250x0,1e-6,10 ] --shrink-factors 8x4x2x1 --smoothing-sigmas 3x2x1x0vox
--------------------------------------------------------------------------------------
All_Command_lines_OK
Using double precision for computations.
=============================================================================
The composite transform comprises the following transforms (in order): 
  1. Center of mass alignment using fixed image: fa.nii.gz and moving image: mni_masked.nii.gz (type = Euler3DTransform)
=============================================================================
  number of levels = 4
  number of levels = 4
  fixed image: fa.nii.gz
  moving image: mni_masked.nii.gz
  fixed image: fa.nii.gz
  moving image: mni_masked.nii.gz
Dimension = 3
Number of stages = 2
Use histogram matching = false
Winsorize image intensities = true
  Lower quantile = 0.005
  Upper quantile = 0.995


Stage 1 State
   Image metric = Mattes
     Fixed image = Image (0x14a1dec00)
  RTTI typeinfo:   itk::Image<double, 3u>
  Reference Count: 2
  Modified Time: 1726
  Debug: Off
  Object Name: 
  Observers: 
    none
  Source: (none)
  Source output name: (none)
  Release Data: Off
  Data Released: False
  Global Release Data: Off
  PipelineMTime: 0
  UpdateMTime: 1511
  RealTimeStamp: 0 seconds 
  LargestPossibleRegion: 
    Dimension: 3
    Index: [0, 0, 0]
    Size: [240, 240, 150]
  BufferedRegion: 
    Dimension: 3
    Index: [0, 0, 0]
    Size: [240, 240, 150]
  RequestedRegion: 
    Dimension: 3
    Index: [0, 0, 0]
    Size: [240, 240, 150]
  Spacing: [1, 1, 1]
  Origin: [-122.396, 95.9315, -65.8068]
  Direction: 
1 0 0
0 1 0
0 0 1

  IndexToPointMatrix: 
1 0 0
0 1 0
0 0 1

  PointToIndexMatrix: 
1 0 0
0 1 0
0 0 1

  Inverse Direction: 
1 0 0
0 1 0
0 0 1

  PixelContainer: 
    ImportImageContainer (0x14a1dfab0)
      RTTI typeinfo:   itk::ImportImageContainer<unsigned long, double>
      Reference Count: 1
      Modified Time: 1508
      Debug: Off
      Object Name: 
      Observers: 
        none
      Pointer: 0x14a200000
      Container manages memory: true
      Size: 8640000
      Capacity: 8640000

     Moving image = Image (0x14a1e3e80)
  RTTI typeinfo:   itk::Image<double, 3u>
  Reference Count: 2
  Modified Time: 1727
  Debug: Off
  Object Name: 
  Observers: 
    none
  Source: (none)
  Source output name: (none)
  Release Data: Off
  Data Released: False
  Global Release Data: Off
  PipelineMTime: 0
  UpdateMTime: 1724
  RealTimeStamp: 0 seconds 
  LargestPossibleRegion: 
    Dimension: 3
    Index: [0, 0, 0]
    Size: [193, 229, 193]
  BufferedRegion: 
    Dimension: 3
    Index: [0, 0, 0]
    Size: [193, 229, 193]
  RequestedRegion: 
    Dimension: 3
    Index: [0, 0, 0]
    Size: [193, 229, 193]
  Spacing: [1, 1, 1]
  Origin: [96, 132, -78]
  Direction: 
-1 0 0
0 -1 0
0 0 1

  IndexToPointMatrix: 
-1 0 0
0 -1 0
0 0 1

  PointToIndexMatrix: 
-1 0 0
0 -1 0
0 0 1

  Inverse Direction: 
-1 0 0
0 -1 0
0 0 1

  PixelContainer: 
    ImportImageContainer (0x14a1de9c0)
      RTTI typeinfo:   itk::ImportImageContainer<unsigned long, double>
      Reference Count: 1
      Modified Time: 1721
      Debug: Off
      Object Name: 
      Observers: 
        none
      Pointer: 0x129600000
      Container manages memory: true
      Size: 8530021
      Capacity: 8530021

     Weighting = 1
     Sampling strategy = regular
     Number of bins = 32
     Radius = 4
     Sampling percentage  = 0.25
   Transform = Rigid
     Gradient step = 0.1
     Update field sigma (voxel space) = 0
     Total field sigma (voxel space) = 0
     Update field time sigma = 0
     Total field time sigma  = 0
     Number of time indices = 0
     Number of time point samples = 0
Stage 2 State
   Image metric = Mattes
     Fixed image = Image (0x13e0044f0)
  RTTI typeinfo:   itk::Image<double, 3u>
  Reference Count: 2
  Modified Time: 2168
  Debug: Off
  Object Name: 
  Observers: 
    none
  Source: (none)
  Source output name: (none)
  Release Data: Off
  Data Released: False
  Global Release Data: Off
  PipelineMTime: 0
  UpdateMTime: 1953
  RealTimeStamp: 0 seconds 
  LargestPossibleRegion: 
    Dimension: 3
    Index: [0, 0, 0]
    Size: [240, 240, 150]
  BufferedRegion: 
    Dimension: 3
    Index: [0, 0, 0]
    Size: [240, 240, 150]
  RequestedRegion: 
    Dimension: 3
    Index: [0, 0, 0]
    Size: [240, 240, 150]
  Spacing: [1, 1, 1]
  Origin: [-122.396, 95.9315, -65.8068]
  Direction: 
1 0 0
0 1 0
0 0 1

  IndexToPointMatrix: 
1 0 0
0 1 0
0 0 1

  PointToIndexMatrix: 
1 0 0
0 1 0
0 0 1

  Inverse Direction: 
1 0 0
0 1 0
0 0 1

  PixelContainer: 
    ImportImageContainer (0x13e004160)
      RTTI typeinfo:   itk::ImportImageContainer<unsigned long, double>
      Reference Count: 1
      Modified Time: 1950
      Debug: Off
      Object Name: 
      Observers: 
        none
      Pointer: 0x12e800000
      Container manages memory: true
      Size: 8640000
      Capacity: 8640000

     Moving image = Image (0x13e004f50)
  RTTI typeinfo:   itk::Image<double, 3u>
  Reference Count: 2
  Modified Time: 2169
  Debug: Off
  Object Name: 
  Observers: 
    none
  Source: (none)
  Source output name: (none)
  Release Data: Off
  Data Released: False
  Global Release Data: Off
  PipelineMTime: 0
  UpdateMTime: 2166
  RealTimeStamp: 0 seconds 
  LargestPossibleRegion: 
    Dimension: 3
    Index: [0, 0, 0]
    Size: [193, 229, 193]
  BufferedRegion: 
    Dimension: 3
    Index: [0, 0, 0]
    Size: [193, 229, 193]
  RequestedRegion: 
    Dimension: 3
    Index: [0, 0, 0]
    Size: [193, 229, 193]
  Spacing: [1, 1, 1]
  Origin: [96, 132, -78]
  Direction: 
-1 0 0
0 -1 0
0 0 1

  IndexToPointMatrix: 
-1 0 0
0 -1 0
0 0 1

  PointToIndexMatrix: 
-1 0 0
0 -1 0
0 0 1

  Inverse Direction: 
-1 0 0
0 -1 0
0 0 1

  PixelContainer: 
    ImportImageContainer (0x13e009c00)
      RTTI typeinfo:   itk::ImportImageContainer<unsigned long, double>
      Reference Count: 1
      Modified Time: 2163
      Debug: Off
      Object Name: 
      Observers: 
        none
      Pointer: 0x1329ec000
      Container manages memory: true
      Size: 8530021
      Capacity: 8530021

     Weighting = 1
     Sampling strategy = regular
     Number of bins = 32
     Radius = 4
     Sampling percentage  = 0.25
   Transform = Affine
     Gradient step = 0.1
     Update field sigma (voxel space) = 0
     Total field sigma (voxel space) = 0
     Update field time sigma = 0
     Total field time sigma  = 0
     Number of time indices = 0
     Number of time point samples = 0
Registration using 2 total stages.

Stage 0
  iterations = 1000x500x250x0
  convergence threshold = 1e-06
  convergence window size = 10
  number of levels = 4
  using the Mattes MI metric (number of bins = 32, weight = 1, use gradient filter = 0)
  preprocessing:  winsorizing the image intensities
  Shrink factors (level 1 out of 4): [8, 8, 8]
  Shrink factors (level 2 out of 4): [4, 4, 4]
  Shrink factors (level 3 out of 4): [2, 2, 2]
  Shrink factors (level 4 out of 4): [1, 1, 1]
  smoothing sigmas per level: [3, 2, 1, 0]
  regular sampling (percentage = 0.25)

*** Running Euler3DTransform registration ***

DIAGNOSTIC,Iteration,metricValue,convergenceValue,ITERATION_TIME_INDEX,SINCE_LAST
 2DIAGNOSTIC,     1, -5.007751149726e-01, 1.797693134862e+308, 2.2939e-01, 2.2939e-01, 
 2DIAGNOSTIC,     2, -5.014999892956e-01, 1.797693134862e+308, 2.3039e-01, 9.9492e-04, 
 2DIAGNOSTIC,     3, -5.036150279457e-01, 1.797693134862e+308, 2.3141e-01, 1.0180e-03, 
 2DIAGNOSTIC,     4, -5.046499211977e-01, 1.797693134862e+308, 2.3225e-01, 8.4591e-04, 
 2DIAGNOSTIC,     5, -5.056041830655e-01, 1.797693134862e+308, 2.3326e-01, 1.0049e-03, 
 2DIAGNOSTIC,     6, -5.098443969651e-01, 1.797693134862e+308, 2.3433e-01, 1.0710e-03, 
 2DIAGNOSTIC,     7, -5.100015642097e-01, 1.797693134862e+308, 2.3553e-01, 1.1990e-03, 
 2DIAGNOSTIC,     8, -5.103630263584e-01, 1.797693134862e+308, 2.3667e-01, 1.1461e-03, 
 2DIAGNOSTIC,     9, -5.104372021946e-01, 1.797693134862e+308, 2.3781e-01, 1.1370e-03, 
 2DIAGNOSTIC,    10, -5.107058268645e-01, 1.443168693583e-03, 2.3970e-01, 1.8919e-03, 
 2DIAGNOSTIC,    11, -5.108251042681e-01, 1.115128522461e-03, 2.4120e-01, 1.5030e-03, 
 2DIAGNOSTIC,    12, -5.107856285287e-01, 7.720521349048e-04, 2.4227e-01, 1.0681e-03, 
 2DIAGNOSTIC,    13, -5.108071602434e-01, 5.068453597099e-04, 2.4328e-01, 1.0049e-03, 
 2DIAGNOSTIC,    14, -5.109709920936e-01, 2.827954731205e-04, 2.4466e-01, 1.3831e-03, 
 2DIAGNOSTIC,    15, -5.110506897720e-01, 9.711171900605e-05, 2.4566e-01, 1.0040e-03, 
 2DIAGNOSTIC,    16, -5.110730520654e-01, 7.495179290837e-05, 2.4666e-01, 9.9707e-04, 
 2DIAGNOSTIC,    17, -5.111104845357e-01, 5.503110891074e-05, 2.4789e-01, 1.2331e-03, 
 2DIAGNOSTIC,    18, -5.111280433449e-01, 4.427606443840e-05, 2.4910e-01, 1.2059e-03, 
 2DIAGNOSTIC,    19, -5.111696383836e-01, 3.383789133465e-05, 2.5015e-01, 1.0519e-03, 
 2DIAGNOSTIC,    20, -5.111531348388e-01, 2.833464537910e-05, 2.5143e-01, 1.2829e-03, 
 2DIAGNOSTIC,    21, -5.111604150737e-01, 2.435201741770e-05, 2.5255e-01, 1.1201e-03, 
 2DIAGNOSTIC,    22, -5.111360670718e-01, 1.703620412710e-05, 2.5368e-01, 1.1230e-03, 
 2DIAGNOSTIC,    23, -5.111602047175e-01, 9.925282642036e-06, 2.5489e-01, 1.2169e-03, 
 2DIAGNOSTIC,    24, -5.112122007567e-01, 7.558185995321e-06, 2.5625e-01, 1.3561e-03, 
 2DIAGNOSTIC,    25, -5.116403931891e-01, 1.609994418202e-05, 2.5775e-01, 1.4970e-03, 
 2DIAGNOSTIC,    26, -5.119882151975e-01, 3.028545314387e-05, 2.5902e-01, 1.2720e-03, 
 2DIAGNOSTIC,    27, -5.121306124280e-01, 4.431175789246e-05, 2.6066e-01, 1.6379e-03, 
 2DIAGNOSTIC,    28, -5.122625376684e-01, 5.634613316999e-05, 2.6195e-01, 1.2910e-03, 
 2DIAGNOSTIC,    29, -5.122674604373e-01, 6.325070694554e-05, 2.6308e-01, 1.1349e-03, 
 2DIAGNOSTIC,    30, -5.123068819695e-01, 6.414852982773e-05, 2.6435e-01, 1.2679e-03, 
 2DIAGNOSTIC,    31, -5.124400132716e-01, 6.144976240813e-05, 2.6579e-01, 1.4379e-03, 
 2DIAGNOSTIC,    32, -5.124834389241e-01, 5.351857074272e-05, 2.6694e-01, 1.1530e-03, 
 2DIAGNOSTIC,    33, -5.125420675685e-01, 4.261438195113e-05, 2.6822e-01, 1.2789e-03, 
 2DIAGNOSTIC,    34, -5.125636445694e-01, 2.951693742829e-05, 2.7028e-01, 2.0549e-03, 
 2DIAGNOSTIC,    35, -5.126013956253e-01, 2.176838498091e-05, 2.7141e-01, 1.1289e-03, 
 2DIAGNOSTIC,    36, -5.126386914461e-01, 1.835243685291e-05, 2.7269e-01, 1.2820e-03, 
 2DIAGNOSTIC,    37, -5.126684761603e-01, 1.597913039539e-05, 2.7380e-01, 1.1148e-03, 
 2DIAGNOSTIC,    38, -5.126730760737e-01, 1.431393336305e-05, 2.7494e-01, 1.1368e-03, 
 2DIAGNOSTIC,    39, -5.127099455249e-01, 1.206535984885e-05, 2.7605e-01, 1.1129e-03, 
 2DIAGNOSTIC,    40, -5.127334256035e-01, 9.680832824151e-06, 2.7720e-01, 1.1451e-03, 
 2DIAGNOSTIC,    41, -5.127561134326e-01, 8.664273198001e-06, 2.7848e-01, 1.2820e-03, 
 2DIAGNOSTIC,    42, -5.128366268463e-01, 8.569340949428e-06, 2.7975e-01, 1.2681e-03, 
 2DIAGNOSTIC,    43, -5.129005122911e-01, 9.298443775268e-06, 2.8364e-01, 3.8929e-03, 
 2DIAGNOSTIC,    44, -5.129005117569e-01, 9.431957565777e-06, 2.8477e-01, 1.1339e-03, 
 2DIAGNOSTIC,    45, -5.129005219897e-01, 9.203875794617e-06, 2.8589e-01, 1.1129e-03, 
 2DIAGNOSTIC,    46, -5.129005392859e-01, 8.624989777401e-06, 2.8700e-01, 1.1120e-03, 
 2DIAGNOSTIC,    47, -5.129005685130e-01, 7.652678401471e-06, 2.8811e-01, 1.1151e-03, 
 2DIAGNOSTIC,    48, -5.129006178772e-01, 6.086235134685e-06, 2.8922e-01, 1.1091e-03, 
 2DIAGNOSTIC,    49, -5.129007011845e-01, 4.491515584688e-06, 2.9033e-01, 1.1120e-03, 
 2DIAGNOSTIC,    50, -5.129008415800e-01, 2.870478529492e-06, 2.9144e-01, 1.1082e-03, 
 2DIAGNOSTIC,    51, -5.129010776554e-01, 1.332229981509e-06, 2.9256e-01, 1.1160e-03, 
DIAGNOSTIC,Iteration,metricValue,convergenceValue,ITERATION_TIME_INDEX,SINCE_LAST
 2DIAGNOSTIC,     1, -4.069720287107e-01, 1.797693134862e+308, 5.3634e-01, 2.4378e-01, 
 2DIAGNOSTIC,     2, -4.075104188965e-01, 1.797693134862e+308, 5.4867e-01, 1.2328e-02, 
 2DIAGNOSTIC,     3, -4.080405726798e-01, 1.797693134862e+308, 5.6081e-01, 1.2139e-02, 
 2DIAGNOSTIC,     4, -4.089508201542e-01, 1.797693134862e+308, 5.7591e-01, 1.5102e-02, 
 2DIAGNOSTIC,     5, -4.100801003261e-01, 1.797693134862e+308, 5.9025e-01, 1.4343e-02, 
 2DIAGNOSTIC,     6, -4.102566781957e-01, 1.797693134862e+308, 6.0471e-01, 1.4455e-02, 
 2DIAGNOSTIC,     7, -4.103581914155e-01, 1.797693134862e+308, 6.1686e-01, 1.2154e-02, 
 2DIAGNOSTIC,     8, -4.108578027359e-01, 1.797693134862e+308, 6.2900e-01, 1.2137e-02, 
 2DIAGNOSTIC,     9, -4.111949236204e-01, 1.797693134862e+308, 6.4306e-01, 1.4059e-02, 
 2DIAGNOSTIC,    10, -4.113841875031e-01, 7.175978094078e-04, 6.6171e-01, 1.8651e-02, 
 2DIAGNOSTIC,    11, -4.117039722494e-01, 5.748018126143e-04, 6.7421e-01, 1.2501e-02, 
 2DIAGNOSTIC,    12, -4.119298214292e-01, 4.492794038826e-04, 6.9068e-01, 1.6467e-02, 
 2DIAGNOSTIC,    13, -4.121969654709e-01, 3.443065663984e-04, 7.0501e-01, 1.4336e-02, 
 2DIAGNOSTIC,    14, -4.122410564745e-01, 2.687723581065e-04, 7.2145e-01, 1.6438e-02, 
 2DIAGNOSTIC,    15, -4.122960115252e-01, 2.339029711663e-04, 7.3588e-01, 1.4427e-02, 
 2DIAGNOSTIC,    16, -4.123926454833e-01, 1.941966965863e-04, 7.4822e-01, 1.2340e-02, 
 2DIAGNOSTIC,    17, -4.124283734033e-01, 1.464850299459e-04, 7.6251e-01, 1.4289e-02, 
 2DIAGNOSTIC,    18, -4.124424257615e-01, 1.102307042413e-04, 7.7883e-01, 1.6322e-02, 
 2DIAGNOSTIC,    19, -4.124553142846e-01, 8.056708561370e-05, 7.9797e-01, 1.9144e-02, 
 2DIAGNOSTIC,    20, -4.124616601556e-01, 5.320688893663e-05, 8.1216e-01, 1.4187e-02, 
 2DIAGNOSTIC,    21, -4.124679608696e-01, 3.425072571178e-05, 8.2680e-01, 1.4644e-02, 
 2DIAGNOSTIC,    22, -4.124685591515e-01, 2.086018343344e-05, 8.4109e-01, 1.4284e-02, 
 2DIAGNOSTIC,    23, -4.124682022224e-01, 1.486229180383e-05, 8.5532e-01, 1.4232e-02, 
 2DIAGNOSTIC,    24, -4.124669665800e-01, 9.336730988942e-06, 8.6755e-01, 1.2227e-02, 
 2DIAGNOSTIC,    25, -4.124634015531e-01, 4.860928426283e-06, 8.7991e-01, 1.2364e-02, 
 2DIAGNOSTIC,    26, -4.124641198662e-01, 2.962021382689e-06, 8.9214e-01, 1.2232e-02, 
 2DIAGNOSTIC,    27, -4.124645342373e-01, 1.958738729109e-06, 9.0431e-01, 1.2170e-02, 
 2DIAGNOSTIC,    28, -4.124675896044e-01, 1.369833317715e-06, 9.2648e-01, 2.2172e-02, 
 2DIAGNOSTIC,    29, -4.124676209185e-01, 1.104219051876e-06, 9.3881e-01, 1.2326e-02, 
 2DIAGNOSTIC,    30, -4.124676678618e-01, 1.001133025362e-06, 9.5130e-01, 1.2488e-02, 
 2DIAGNOSTIC,    31, -4.124678392757e-01, 1.054657166759e-06, 9.6356e-01, 1.2265e-02, 
 2DIAGNOSTIC,    32, -4.124681930532e-01, 1.120745364097e-06, 9.7775e-01, 1.4191e-02, 
 2DIAGNOSTIC,    33, -4.124720918835e-01, 1.243708497536e-06, 1.0000e+00, 2.2263e-02, 
 2DIAGNOSTIC,    34, -4.124699306493e-01, 1.263847582662e-06, 1.0142e+00, 1.4230e-02, 
 2DIAGNOSTIC,    35, -4.124699756078e-01, 1.185049646638e-06, 1.0265e+00, 1.2221e-02, 
 2DIAGNOSTIC,    36, -4.124700275010e-01, 1.100194246973e-06, 1.0387e+00, 1.2265e-02, 
 2DIAGNOSTIC,    37, -4.124702656462e-01, 1.008757543761e-06, 1.0510e+00, 1.2312e-02, 
DIAGNOSTIC,Iteration,metricValue,convergenceValue,ITERATION_TIME_INDEX,SINCE_LAST
 2DIAGNOSTIC,     1, -3.489467884237e-01, 1.797693134862e+308, 1.3544e+00, 3.0334e-01, 
 2DIAGNOSTIC,     2, -3.490388921111e-01, 1.797693134862e+308, 1.4004e+00, 4.6029e-02, 
 2DIAGNOSTIC,     3, -3.495173216815e-01, 1.797693134862e+308, 1.4466e+00, 4.6213e-02, 
 2DIAGNOSTIC,     4, -3.498039063478e-01, 1.797693134862e+308, 1.4914e+00, 4.4758e-02, 
 2DIAGNOSTIC,     5, -3.499435609420e-01, 1.797693134862e+308, 1.5354e+00, 4.3992e-02, 
 2DIAGNOSTIC,     6, -3.503871207580e-01, 1.797693134862e+308, 1.6071e+00, 7.1755e-02, 
 2DIAGNOSTIC,     7, -3.505303614312e-01, 1.797693134862e+308, 1.6661e+00, 5.8940e-02, 
 2DIAGNOSTIC,     8, -3.505417720277e-01, 1.797693134862e+308, 1.7097e+00, 4.3604e-02, 
 2DIAGNOSTIC,     9, -3.506946906742e-01, 1.797693134862e+308, 1.7542e+00, 4.4557e-02, 
 2DIAGNOSTIC,    10, -3.508289962063e-01, 3.653467823067e-04, 1.7987e+00, 4.4459e-02, 
 2DIAGNOSTIC,    11, -3.508941027165e-01, 2.928753007882e-04, 1.8430e+00, 4.4313e-02, 
 2DIAGNOSTIC,    12, -3.510826705602e-01, 2.248167361478e-04, 1.8950e+00, 5.1985e-02, 
 2DIAGNOSTIC,    13, -3.514841465657e-01, 2.019124449759e-04, 1.9813e+00, 8.6354e-02, 
 2DIAGNOSTIC,    14, -3.515604260710e-01, 1.847592934996e-04, 2.0281e+00, 4.6739e-02, 
 2DIAGNOSTIC,    15, -3.517350188519e-01, 1.697864624911e-04, 2.0744e+00, 4.6346e-02, 
 2DIAGNOSTIC,    16, -3.518323581690e-01, 1.686587646468e-04, 2.1210e+00, 4.6523e-02, 
 2DIAGNOSTIC,    17, -3.518522404262e-01, 1.600691020194e-04, 2.1692e+00, 4.8239e-02, 
 2DIAGNOSTIC,    18, -3.518992419309e-01, 1.401830658152e-04, 2.2299e+00, 6.0690e-02, 
 2DIAGNOSTIC,    19, -3.519133225251e-01, 1.165680222711e-04, 2.3081e+00, 7.8251e-02, 
 2DIAGNOSTIC,    20, -3.519340710279e-01, 9.108334436785e-05, 2.3609e+00, 5.2815e-02, 
 2DIAGNOSTIC,    21, -3.519398889162e-01, 6.238090907120e-05, 2.4176e+00, 5.6679e-02, 
 2DIAGNOSTIC,    22, -3.519567646281e-01, 3.787010385251e-05, 2.4716e+00, 5.3937e-02, 
 2DIAGNOSTIC,    23, -3.520298017655e-01, 2.881356255131e-05, 2.5351e+00, 6.3534e-02, 
 2DIAGNOSTIC,    24, -3.520501068057e-01, 2.100587098910e-05, 2.6424e+00, 1.0734e-01, 
 2DIAGNOSTIC,    25, -3.520518750906e-01, 1.763490661466e-05, 2.6969e+00, 5.4477e-02, 
 2DIAGNOSTIC,    26, -3.520599354192e-01, 1.630938705839e-05, 2.7525e+00, 5.5560e-02, 
 2DIAGNOSTIC,    27, -3.520644640155e-01, 1.435428636302e-05, 2.8071e+00, 5.4624e-02, 
 2DIAGNOSTIC,    28, -3.520653579762e-01, 1.263945449986e-05, 2.8788e+00, 7.1739e-02, 
 2DIAGNOSTIC,    29, -3.520676792239e-01, 1.039464474275e-05, 2.9333e+00, 5.4423e-02, 
 2DIAGNOSTIC,    30, -3.520673297411e-01, 8.000898758381e-06, 2.9877e+00, 5.4458e-02, 
 2DIAGNOSTIC,    31, -3.520685705215e-01, 5.305404381831e-06, 3.0511e+00, 6.3412e-02, 
 2DIAGNOSTIC,    32, -3.520703758570e-01, 2.796693201773e-06, 3.1056e+00, 5.4494e-02, 
 2DIAGNOSTIC,    33, -3.520645214063e-01, 1.903806163800e-06, 3.1689e+00, 6.3322e-02, 
 2DIAGNOSTIC,    34, -3.520689323215e-01, 1.569204892093e-06, 3.2255e+00, 5.6569e-02, 
 2DIAGNOSTIC,    35, -3.520734588517e-01, 1.331199357864e-06, 3.2804e+00, 5.4859e-02, 
 2DIAGNOSTIC,    36, -3.520858884229e-01, 1.520308722424e-06, 3.3358e+00, 5.5396e-02, 
 2DIAGNOSTIC,    37, -3.521076413068e-01, 2.207648003235e-06, 3.4366e+00, 1.0081e-01, 
 2DIAGNOSTIC,    38, -3.521090918385e-01, 2.772246961630e-06, 3.5005e+00, 6.3901e-02, 
 2DIAGNOSTIC,    39, -3.521099090819e-01, 3.196892345011e-06, 3.5554e+00, 5.4893e-02, 
 2DIAGNOSTIC,    40, -3.521124457969e-01, 3.419341939554e-06, 3.6105e+00, 5.5156e-02, 
 2DIAGNOSTIC,    41, -3.521170745112e-01, 3.488359609428e-06, 3.6700e+00, 5.9510e-02, 
 2DIAGNOSTIC,    42, -3.521243269686e-01, 3.465310121582e-06, 3.7273e+00, 5.7233e-02, 
 2DIAGNOSTIC,    43, -3.521757407608e-01, 4.039552520135e-06, 3.7830e+00, 5.5731e-02, 
 2DIAGNOSTIC,    44, -3.522888025770e-01, 6.413056360510e-06, 3.8478e+00, 6.4799e-02, 
 2DIAGNOSTIC,    45, -3.523389119972e-01, 9.070924901208e-06, 3.9324e+00, 8.4622e-02, 
 2DIAGNOSTIC,    46, -3.523500536593e-01, 1.122790918409e-05, 3.9972e+00, 6.4791e-02, 
 2DIAGNOSTIC,    47, -3.524122174601e-01, 1.375855659138e-05, 4.0622e+00, 6.4977e-02, 
 2DIAGNOSTIC,    48, -3.524446085717e-01, 1.546571897007e-05, 4.1179e+00, 5.5737e-02, 
 2DIAGNOSTIC,    49, -3.524616868737e-01, 1.594383586901e-05, 4.1823e+00, 6.4383e-02, 
 2DIAGNOSTIC,    50, -3.524627311355e-01, 1.500098963429e-05, 4.2376e+00, 5.5330e-02, 
 2DIAGNOSTIC,    51, -3.525041493182e-01, 1.348463384725e-05, 4.2929e+00, 5.5218e-02, 
 2DIAGNOSTIC,    52, -3.525396812440e-01, 1.143615886417e-05, 4.3481e+00, 5.5264e-02, 
 2DIAGNOSTIC,    53, -3.525923444584e-01, 9.955394421935e-06, 4.4384e+00, 9.0270e-02, 
 2DIAGNOSTIC,    54, -3.526407275168e-01, 1.003100595334e-05, 4.4957e+00, 5.7319e-02, 
 2DIAGNOSTIC,    55, -3.526491890695e-01, 1.006575732964e-05, 4.5501e+00, 5.4433e-02, 
 2DIAGNOSTIC,    56, -3.526862631996e-01, 9.872713551125e-06, 4.6048e+00, 5.4691e-02, 
 2DIAGNOSTIC,    57, -3.527325538582e-01, 1.030376292799e-05, 4.6594e+00, 5.4565e-02, 
 2DIAGNOSTIC,    58, -3.528417588251e-01, 1.173118668903e-05, 4.7581e+00, 9.8725e-02, 
 2DIAGNOSTIC,    59, -3.528400046564e-01, 1.221786844524e-05, 4.8125e+00, 5.4358e-02, 
 2DIAGNOSTIC,    60, -3.528514193788e-01, 1.175640076111e-05, 4.8669e+00, 5.4441e-02, 
 2DIAGNOSTIC,    61, -3.528914243233e-01, 1.132167152130e-05, 4.9216e+00, 5.4703e-02, 
 2DIAGNOSTIC,    62, -3.529566854956e-01, 1.113374460909e-05, 5.0209e+00, 9.9287e-02, 
 2DIAGNOSTIC,    63, -3.529622624436e-01, 1.062636547623e-05, 5.0759e+00, 5.4962e-02, 
 2DIAGNOSTIC,    64, -3.529893107028e-01, 1.013524883475e-05, 5.1310e+00, 5.5158e-02, 
 2DIAGNOSTIC,    65, -3.530311391771e-01, 9.372063530255e-06, 5.2041e+00, 7.3089e-02, 
 2DIAGNOSTIC,    66, -3.530321194656e-01, 8.220300925427e-06, 5.2688e+00, 6.4631e-02, 
 2DIAGNOSTIC,    67, -3.530312456804e-01, 6.864848322904e-06, 5.3335e+00, 6.4709e-02, 
 2DIAGNOSTIC,    68, -3.530285645041e-01, 6.211921403931e-06, 5.4071e+00, 7.3640e-02, 
 2DIAGNOSTIC,    69, -3.530278371001e-01, 5.003059712657e-06, 5.4719e+00, 6.4776e-02, 
 2DIAGNOSTIC,    70, -3.530277739560e-01, 3.509127372256e-06, 5.5376e+00, 6.5746e-02, 
 2DIAGNOSTIC,    71, -3.530272855118e-01, 2.194225434045e-06, 5.6033e+00, 6.5625e-02, 
 2DIAGNOSTIC,    72, -3.530270644612e-01, 1.486680787978e-06, 5.6587e+00, 5.5433e-02, 
DIAGNOSTIC,Iteration,metricValue,convergenceValue,ITERATION_TIME_INDEX,SINCE_LAST
 2DIAGNOSTIC,     1, -3.207951824286e-01, 1.797693134862e+308, 6.2118e+00, 5.5310e-01, 
  Elapsed time (stage 0): 6.3295e+00


Stage 1
  iterations = 1000x500x250x0
  convergence threshold = 1.0000e-06
  convergence window size = 10
  number of levels = 4
  using the Mattes MI metric (number of bins = 32, weight = 1.0000e+00, use gradient filter = 0)
  preprocessing:  winsorizing the image intensities
  Shrink factors (level 1 out of 4): [8, 8, 8]
  Shrink factors (level 2 out of 4): [4, 4, 4]
  Shrink factors (level 3 out of 4): [2, 2, 2]
  Shrink factors (level 4 out of 4): [1, 1, 1]
  smoothing sigmas per level: [3, 2, 1, 0]
  regular sampling (percentage = 2.5000e-01)

*** Running AffineTransform registration ***

DIAGNOSTIC,Iteration,metricValue,convergenceValue,ITERATION_TIME_INDEX,SINCE_LAST
 2DIAGNOSTIC,     1, -5.053145492576e-01, 1.797693134862e+308, 2.2343e-01, 2.2343e-01, 
 2DIAGNOSTIC,     2, -5.060500237722e-01, 1.797693134862e+308, 2.2452e-01, 1.0951e-03, 
 2DIAGNOSTIC,     3, -5.081283160922e-01, 1.797693134862e+308, 2.2561e-01, 1.0850e-03, 
 2DIAGNOSTIC,     4, -5.120983128406e-01, 1.797693134862e+308, 2.2673e-01, 1.1261e-03, 
 2DIAGNOSTIC,     5, -5.190706006935e-01, 1.797693134862e+308, 2.2815e-01, 1.4162e-03, 
 2DIAGNOSTIC,     6, -5.221293645372e-01, 1.797693134862e+308, 2.3045e-01, 2.2979e-03, 
 2DIAGNOSTIC,     7, -5.231476233292e-01, 1.797693134862e+308, 2.3180e-01, 1.3511e-03, 
 2DIAGNOSTIC,     8, -5.244612040980e-01, 1.797693134862e+308, 2.3301e-01, 1.2090e-03, 
 2DIAGNOSTIC,     9, -5.272349714676e-01, 1.797693134862e+308, 2.3428e-01, 1.2732e-03, 
 2DIAGNOSTIC,    10, -5.278618599123e-01, 3.198418486932e-03, 2.3575e-01, 1.4651e-03, 
 2DIAGNOSTIC,    11, -5.281706961114e-01, 2.627560794368e-03, 2.3726e-01, 1.5130e-03, 
 2DIAGNOSTIC,    12, -5.295965011132e-01, 2.021721276301e-03, 2.3853e-01, 1.2729e-03, 
 2DIAGNOSTIC,    13, -5.310205108026e-01, 1.473799169996e-03, 2.3995e-01, 1.4229e-03, 
 2DIAGNOSTIC,    14, -5.320996742138e-01, 1.060213399471e-03, 2.4174e-01, 1.7879e-03, 
 2DIAGNOSTIC,    15, -5.332184933172e-01, 8.975992211925e-04, 2.4299e-01, 1.2460e-03, 
 2DIAGNOSTIC,    16, -5.345235845265e-01, 8.226805573879e-04, 2.4423e-01, 1.2410e-03, 
 2DIAGNOSTIC,    17, -5.358938481059e-01, 7.564942459802e-04, 2.4589e-01, 1.6589e-03, 
 2DIAGNOSTIC,    18, -5.367194291419e-01, 6.893960939608e-04, 2.4718e-01, 1.2870e-03, 
 2DIAGNOSTIC,    19, -5.374914727269e-01, 6.667418883408e-04, 2.4860e-01, 1.4291e-03, 
 2DIAGNOSTIC,    20, -5.385321517786e-01, 6.300795366962e-04, 2.5033e-01, 1.7300e-03, 
 2DIAGNOSTIC,    21, -5.387391780227e-01, 5.506247040318e-04, 2.5161e-01, 1.2710e-03, 
 2DIAGNOSTIC,    22, -5.392538448362e-01, 4.743787045432e-04, 2.5284e-01, 1.2338e-03, 
 2DIAGNOSTIC,    23, -5.395730304635e-01, 4.012294666500e-04, 2.5425e-01, 1.4129e-03, 
 2DIAGNOSTIC,    24, -5.399285365607e-01, 3.287354524401e-04, 2.5582e-01, 1.5669e-03, 
 2DIAGNOSTIC,    25, -5.400107036492e-01, 2.567175304979e-04, 2.5703e-01, 1.2090e-03, 
 2DIAGNOSTIC,    26, -5.402401450985e-01, 1.976758625487e-04, 2.5825e-01, 1.2221e-03, 
 2DIAGNOSTIC,    27, -5.405173875771e-01, 1.572167583985e-04, 2.6002e-01, 1.7741e-03, 
 2DIAGNOSTIC,    28, -5.406534074351e-01, 1.230690455406e-04, 2.6127e-01, 1.2429e-03, 
 2DIAGNOSTIC,    29, -5.408581450008e-01, 9.744519750319e-05, 2.6244e-01, 1.1749e-03, 
 2DIAGNOSTIC,    30, -5.410804994811e-01, 8.705616504594e-05, 2.6372e-01, 1.2741e-03, 
 2DIAGNOSTIC,    31, -5.412805973520e-01, 7.604037885819e-05, 2.6512e-01, 1.4081e-03, 
 2DIAGNOSTIC,    32, -5.414140419162e-01, 6.930580655318e-05, 2.6648e-01, 1.3580e-03, 
 2DIAGNOSTIC,    33, -5.416745254330e-01, 6.578652751458e-05, 2.6855e-01, 2.0711e-03, 
 2DIAGNOSTIC,    34, -5.416643595084e-01, 6.171915617385e-05, 2.7003e-01, 1.4811e-03, 
 2DIAGNOSTIC,    35, -5.417435855810e-01, 5.456966165289e-05, 2.7123e-01, 1.1940e-03, 
 2DIAGNOSTIC,    36, -5.417794195288e-01, 4.657304507970e-05, 2.7250e-01, 1.2739e-03, 
 2DIAGNOSTIC,    37, -5.418117023232e-01, 3.910622625154e-05, 2.7374e-01, 1.2360e-03, 
 2DIAGNOSTIC,    38, -5.418349908216e-01, 3.057953599337e-05, 2.7493e-01, 1.1940e-03, 
 2DIAGNOSTIC,    39, -5.418619490066e-01, 2.279719789744e-05, 2.7613e-01, 1.1990e-03, 
 2DIAGNOSTIC,    40, -5.418616182361e-01, 1.625704073867e-05, 2.7772e-01, 1.5850e-03, 
 2DIAGNOSTIC,    41, -5.418730906984e-01, 1.130104298579e-05, 2.7925e-01, 1.5378e-03, 
 2DIAGNOSTIC,    42, -5.418503513747e-01, 6.896479372836e-06, 2.8050e-01, 1.2450e-03, 
 2DIAGNOSTIC,    43, -5.418652199180e-01, 5.548183892087e-06, 2.8168e-01, 1.1809e-03, 
 2DIAGNOSTIC,    44, -5.419037508955e-01, 4.117868565742e-06, 2.8294e-01, 1.2560e-03, 
 2DIAGNOSTIC,    45, -5.419216440335e-01, 3.556448644523e-06, 2.8416e-01, 1.2200e-03, 
 2DIAGNOSTIC,    46, -5.419377067440e-01, 3.346631348631e-06, 2.8553e-01, 1.3778e-03, 
 2DIAGNOSTIC,    47, -5.419758350614e-01, 3.692619711497e-06, 2.8756e-01, 2.0239e-03, 
 2DIAGNOSTIC,    48, -5.419825451596e-01, 4.051458528311e-06, 2.8896e-01, 1.4031e-03, 
 2DIAGNOSTIC,    49, -5.419609449071e-01, 4.124574706943e-06, 2.9018e-01, 1.2162e-03, 
 2DIAGNOSTIC,    50, -5.419430684723e-01, 3.673687877768e-06, 2.9134e-01, 1.1649e-03, 
 2DIAGNOSTIC,    51, -5.419580965360e-01, 3.240019623780e-06, 2.9252e-01, 1.1799e-03, 
 2DIAGNOSTIC,    52, -5.419617460439e-01, 2.363723520818e-06, 2.9385e-01, 1.3270e-03, 
 2DIAGNOSTIC,    53, -5.420576077400e-01, 2.452208212000e-06, 2.9508e-01, 1.2331e-03, 
 2DIAGNOSTIC,    54, -5.434547842309e-01, 1.645209313704e-05, 2.9690e-01, 1.8189e-03, 
 2DIAGNOSTIC,    55, -5.443157156887e-01, 3.651968593839e-05, 2.9821e-01, 1.3070e-03, 
 2DIAGNOSTIC,    56, -5.460206712349e-01, 6.862976626224e-05, 2.9989e-01, 1.6870e-03, 
 2DIAGNOSTIC,    57, -5.519573415959e-01, 1.484408379254e-04, 3.0226e-01, 2.3701e-03, 
 2DIAGNOSTIC,    58, -5.507798094985e-01, 1.992335004777e-04, 3.0355e-01, 1.2879e-03, 
 2DIAGNOSTIC,    59, -5.543120532879e-01, 2.616015295770e-04, 3.0486e-01, 1.3089e-03, 
 2DIAGNOSTIC,    60, -5.602654857639e-01, 3.486341454387e-04, 3.0618e-01, 1.3230e-03, 
 2DIAGNOSTIC,    61, -5.638301228361e-01, 4.286698805817e-04, 3.0760e-01, 1.4150e-03, 
 2DIAGNOSTIC,    62, -5.735823858071e-01, 5.473985113837e-04, 3.0920e-01, 1.6041e-03, 
 2DIAGNOSTIC,    63, -5.805095897381e-01, 6.668910544982e-04, 3.1223e-01, 3.0222e-03, 
 2DIAGNOSTIC,    64, -5.816440258517e-01, 7.390358544593e-04, 3.1354e-01, 1.3111e-03, 
 2DIAGNOSTIC,    65, -5.826053717419e-01, 7.531794466787e-04, 3.1478e-01, 1.2469e-03, 
 2DIAGNOSTIC,    66, -5.837115969323e-01, 7.156338593139e-04, 3.1605e-01, 1.2641e-03, 
 2DIAGNOSTIC,    67, -5.847191455167e-01, 6.646078095225e-04, 3.1733e-01, 1.2779e-03, 
 2DIAGNOSTIC,    68, -5.856439173388e-01, 5.483148826236e-04, 3.1871e-01, 1.3869e-03, 
 2DIAGNOSTIC,    69, -5.867640562419e-01, 4.181038714606e-04, 3.2157e-01, 2.8529e-03, 
 2DIAGNOSTIC,    70, -5.867762462784e-01, 2.970085644089e-04, 3.2298e-01, 1.4179e-03, 
 2DIAGNOSTIC,    71, -5.868168793354e-01, 1.762668153791e-04, 3.2422e-01, 1.2400e-03, 
 2DIAGNOSTIC,    72, -5.869024324772e-01, 1.122289650690e-04, 3.2550e-01, 1.2791e-03, 
 2DIAGNOSTIC,    73, -5.870883199496e-01, 8.990536965200e-05, 3.2684e-01, 1.3380e-03, 
 2DIAGNOSTIC,    74, -5.874755260631e-01, 7.014984815742e-05, 3.2810e-01, 1.2579e-03, 
 2DIAGNOSTIC,    75, -5.880324400518e-01, 5.465819647665e-05, 3.2934e-01, 1.2422e-03, 
 2DIAGNOSTIC,    76, -5.884667357943e-01, 4.485220786067e-05, 3.3060e-01, 1.2631e-03, 
 2DIAGNOSTIC,    77, -5.891830124763e-01, 4.256203785837e-05, 3.3203e-01, 1.4241e-03, 
 2DIAGNOSTIC,    78, -5.902356773823e-01, 4.913793657424e-05, 3.3365e-01, 1.6208e-03, 
 2DIAGNOSTIC,    79, -5.908244815288e-01, 6.189841156987e-05, 3.3496e-01, 1.3161e-03, 
 2DIAGNOSTIC,    80, -5.912139340942e-01, 7.096888687238e-05, 3.3690e-01, 1.9331e-03, 
 2DIAGNOSTIC,    81, -5.912687836067e-01, 7.364479316678e-05, 3.3810e-01, 1.2009e-03, 
 2DIAGNOSTIC,    82, -5.913456344255e-01, 7.022702547396e-05, 3.3952e-01, 1.4222e-03, 
 2DIAGNOSTIC,    83, -5.913987698440e-01, 6.154970285579e-05, 3.4076e-01, 1.2350e-03, 
 2DIAGNOSTIC,    84, -5.915425660127e-01, 5.036371032655e-05, 3.4206e-01, 1.3070e-03, 
 2DIAGNOSTIC,    85, -5.916939873552e-01, 3.894210220325e-05, 3.4328e-01, 1.2140e-03, 
 2DIAGNOSTIC,    86, -5.918797510553e-01, 2.777841366693e-05, 3.4497e-01, 1.6918e-03, 
 2DIAGNOSTIC,    87, -5.919174235839e-01, 1.858658099954e-05, 3.4639e-01, 1.4179e-03, 
 2DIAGNOSTIC,    88, -5.919203131079e-01, 1.397106695636e-05, 3.4777e-01, 1.3809e-03, 
 2DIAGNOSTIC,    89, -5.919570420874e-01, 1.171135606638e-05, 3.4917e-01, 1.4000e-03, 
 2DIAGNOSTIC,    90, -5.919654697496e-01, 1.065646390600e-05, 3.5037e-01, 1.2069e-03, 
 2DIAGNOSTIC,    91, -5.920085732332e-01, 9.168771853373e-06, 3.5208e-01, 1.7049e-03, 
 2DIAGNOSTIC,    92, -5.919878727651e-01, 7.182406109986e-06, 3.5335e-01, 1.2710e-03, 
 2DIAGNOSTIC,    93, -5.919984937627e-01, 4.942849583562e-06, 3.5489e-01, 1.5399e-03, 
 2DIAGNOSTIC,    94, -5.919999273134e-01, 3.090977482252e-06, 3.5608e-01, 1.1911e-03, 
 2DIAGNOSTIC,    95, -5.920019874655e-01, 1.812916393212e-06, 3.5731e-01, 1.2310e-03, 
 2DIAGNOSTIC,    96, -5.920032248716e-01, 1.412365215706e-06, 3.5855e-01, 1.2372e-03, 
 2DIAGNOSTIC,    97, -5.920352727247e-01, 1.288502181054e-06, 3.5990e-01, 1.3499e-03, 
 2DIAGNOSTIC,    98, -5.921714249421e-01, 1.793988742557e-06, 3.6128e-01, 1.3781e-03, 
 2DIAGNOSTIC,    99, -5.921676601998e-01, 2.299509045785e-06, 3.6316e-01, 1.8821e-03, 
 2DIAGNOSTIC,   100, -5.922163772738e-01, 2.900607395519e-06, 3.6441e-01, 1.2510e-03, 
 2DIAGNOSTIC,   101, -5.921669995954e-01, 3.216247644006e-06, 3.6560e-01, 1.1868e-03, 
 2DIAGNOSTIC,   102, -5.921721774431e-01, 3.171910990751e-06, 3.6678e-01, 1.1809e-03, 
 2DIAGNOSTIC,   103, -5.921807288472e-01, 2.936462307266e-06, 3.6836e-01, 1.5831e-03, 
 2DIAGNOSTIC,   104, -5.921851171311e-01, 2.476003278212e-06, 3.7040e-01, 2.0359e-03, 
 2DIAGNOSTIC,   105, -5.921854207898e-01, 1.837554536659e-06, 3.7168e-01, 1.2860e-03, 
 2DIAGNOSTIC,   106, -5.921873763689e-01, 1.087252610867e-06, 3.7294e-01, 1.2529e-03, 
DIAGNOSTIC,Iteration,metricValue,convergenceValue,ITERATION_TIME_INDEX,SINCE_LAST
 2DIAGNOSTIC,     1, -4.459564999279e-01, 1.797693134862e+308, 6.1471e-01, 2.4178e-01, 
 2DIAGNOSTIC,     2, -4.462439449728e-01, 1.797693134862e+308, 6.2945e-01, 1.4740e-02, 
 2DIAGNOSTIC,     3, -4.467284513807e-01, 1.797693134862e+308, 6.4411e-01, 1.4660e-02, 
 2DIAGNOSTIC,     4, -4.474867212621e-01, 1.797693134862e+308, 6.5895e-01, 1.4842e-02, 
 2DIAGNOSTIC,     5, -4.486755426119e-01, 1.797693134862e+308, 6.7361e-01, 1.4656e-02, 
 2DIAGNOSTIC,     6, -4.512784685163e-01, 1.797693134862e+308, 6.8813e-01, 1.4519e-02, 
 2DIAGNOSTIC,     7, -4.546215836283e-01, 1.797693134862e+308, 7.1489e-01, 2.6758e-02, 
 2DIAGNOSTIC,     8, -4.556899069852e-01, 1.797693134862e+308, 7.2943e-01, 1.4547e-02, 
 2DIAGNOSTIC,     9, -4.560134849662e-01, 1.797693134862e+308, 7.4390e-01, 1.4463e-02, 
 2DIAGNOSTIC,    10, -4.565340882643e-01, 1.841414262380e-03, 7.6097e-01, 1.7076e-02, 
 2DIAGNOSTIC,    11, -4.570191524326e-01, 1.671393686303e-03, 7.7803e-01, 1.7058e-02, 
 2DIAGNOSTIC,    12, -4.569578784400e-01, 1.389414152608e-03, 7.9266e-01, 1.4632e-02, 
 2DIAGNOSTIC,    13, -4.576864969921e-01, 1.085589955011e-03, 8.1230e-01, 1.9641e-02, 
 2DIAGNOSTIC,    14, -4.578306452903e-01, 7.689888410489e-04, 8.2675e-01, 1.4445e-02, 
 2DIAGNOSTIC,    15, -4.579747874464e-01, 4.797794648748e-04, 8.5102e-01, 2.4275e-02, 
 2DIAGNOSTIC,    16, -4.580971847028e-01, 2.870148368355e-04, 8.6554e-01, 1.4517e-02, 
 2DIAGNOSTIC,    17, -4.581674600414e-01, 2.159214755890e-04, 8.8002e-01, 1.4482e-02, 
 2DIAGNOSTIC,    18, -4.582475792047e-01, 1.727777390692e-04, 8.9468e-01, 1.4659e-02, 
 2DIAGNOSTIC,    19, -4.583616424217e-01, 1.322876504225e-04, 9.0918e-01, 1.4496e-02, 
 2DIAGNOSTIC,    20, -4.584654211669e-01, 1.030465587629e-04, 9.2874e-01, 1.9563e-02, 
 2DIAGNOSTIC,    21, -4.585277832212e-01, 8.375428263385e-05, 9.4348e-01, 1.4735e-02, 
 2DIAGNOSTIC,    22, -4.586538533139e-01, 5.990011078741e-05, 9.6284e-01, 1.9370e-02, 
 2DIAGNOSTIC,    23, -4.587725348313e-01, 5.558561123402e-05, 9.7972e-01, 1.6880e-02, 
 2DIAGNOSTIC,    24, -4.588397534502e-01, 5.192469679392e-05, 9.9912e-01, 1.9392e-02, 
 2DIAGNOSTIC,    25, -4.588817074458e-01, 4.840136539207e-05, 1.0135e+00, 1.4405e-02, 
 2DIAGNOSTIC,    26, -4.589783792993e-01, 4.598882343991e-05, 1.0280e+00, 1.4453e-02, 
 2DIAGNOSTIC,    27, -4.590401841355e-01, 4.251931403590e-05, 1.0425e+00, 1.4503e-02, 
 2DIAGNOSTIC,    28, -4.590898290256e-01, 3.821073644791e-05, 1.0570e+00, 1.4543e-02, 
 2DIAGNOSTIC,    29, -4.591615931729e-01, 3.467519654970e-05, 1.0718e+00, 1.4808e-02, 
 2DIAGNOSTIC,    30, -4.594763248101e-01, 3.689663333474e-05, 1.0888e+00, 1.7010e-02, 
 2DIAGNOSTIC,    31, -4.597119472784e-01, 4.136273335936e-05, 1.1084e+00, 1.9578e-02, 
 2DIAGNOSTIC,    32, -4.599012844771e-01, 4.776430877686e-05, 1.1255e+00, 1.7126e-02, 
 2DIAGNOSTIC,    33, -4.600519191509e-01, 5.444885414972e-05, 1.1450e+00, 1.9456e-02, 
 2DIAGNOSTIC,    34, -4.602557386037e-01, 6.062797839473e-05, 1.1595e+00, 1.4524e-02, 
 2DIAGNOSTIC,    35, -4.604980275746e-01, 6.568270178786e-05, 1.1740e+00, 1.4509e-02, 
 2DIAGNOSTIC,    36, -4.607210556287e-01, 6.968617700242e-05, 1.1960e+00, 2.1977e-02, 
 2DIAGNOSTIC,    37, -4.607978533667e-01, 6.925248014998e-05, 1.2129e+00, 1.6888e-02, 
 2DIAGNOSTIC,    38, -4.608560537495e-01, 6.419352198951e-05, 1.2324e+00, 1.9496e-02, 
 2DIAGNOSTIC,    39, -4.608924694981e-01, 5.500319915193e-05, 1.2496e+00, 1.7173e-02, 
 2DIAGNOSTIC,    40, -4.609122992419e-01, 4.620524192597e-05, 1.2639e+00, 1.4362e-02, 
 2DIAGNOSTIC,    41, -4.609243532582e-01, 3.719629362770e-05, 1.2786e+00, 1.4700e-02, 
 2DIAGNOSTIC,    42, -4.609318316819e-01, 2.805933053019e-05, 1.3029e+00, 2.4254e-02, 
 2DIAGNOSTIC,    43, -4.609335151553e-01, 1.893818723874e-05, 1.3173e+00, 1.4427e-02, 
 2DIAGNOSTIC,    44, -4.609348017304e-01, 1.134041741215e-05, 1.3317e+00, 1.4343e-02, 
 2DIAGNOSTIC,    45, -4.609384828215e-01, 6.395563941983e-06, 1.3462e+00, 1.4553e-02, 
 2DIAGNOSTIC,    46, -4.609423370946e-01, 4.169773680788e-06, 1.3606e+00, 1.4438e-02, 
 2DIAGNOSTIC,    47, -4.609655991657e-01, 3.013983826867e-06, 1.3825e+00, 2.1809e-02, 
 2DIAGNOSTIC,    48, -4.609702041780e-01, 2.479754230577e-06, 1.4094e+00, 2.6899e-02, 
 2DIAGNOSTIC,    49, -4.609702857371e-01, 2.254448123552e-06, 1.4262e+00, 1.6811e-02, 
 2DIAGNOSTIC,    50, -4.609703360141e-01, 2.132964586031e-06, 1.4431e+00, 1.6909e-02, 
 2DIAGNOSTIC,    51, -4.609703429552e-01, 2.016569385026e-06, 1.4599e+00, 1.6830e-02, 
 2DIAGNOSTIC,    52, -4.609703460962e-01, 1.855887148308e-06, 1.4890e+00, 2.9133e-02, 
 2DIAGNOSTIC,    53, -4.609703461173e-01, 1.600751111303e-06, 1.5255e+00, 3.6511e-02, 
 2DIAGNOSTIC,    54, -4.609703461176e-01, 1.277538027162e-06, 1.5573e+00, 3.1722e-02, 
DIAGNOSTIC,Iteration,metricValue,convergenceValue,ITERATION_TIME_INDEX,SINCE_LAST
 2DIAGNOSTIC,     1, -3.919117336260e-01, 1.797693134862e+308, 1.8657e+00, 3.0845e-01, 
 2DIAGNOSTIC,     2, -3.922076131912e-01, 1.797693134862e+308, 1.9162e+00, 5.0518e-02, 
 2DIAGNOSTIC,     3, -3.926739492850e-01, 1.797693134862e+308, 1.9669e+00, 5.0708e-02, 
 2DIAGNOSTIC,     4, -3.933688078107e-01, 1.797693134862e+308, 2.0175e+00, 5.0529e-02, 
 2DIAGNOSTIC,     5, -3.943543906777e-01, 1.797693134862e+308, 2.0674e+00, 4.9891e-02, 
 2DIAGNOSTIC,     6, -3.953223899644e-01, 1.797693134862e+308, 2.1185e+00, 5.1106e-02, 
 2DIAGNOSTIC,     7, -3.959650521806e-01, 1.797693134862e+308, 2.1694e+00, 5.0939e-02, 
 2DIAGNOSTIC,     8, -3.971985883844e-01, 1.797693134862e+308, 2.2277e+00, 5.8277e-02, 
 2DIAGNOSTIC,     9, -3.975704064004e-01, 1.797693134862e+308, 2.2939e+00, 6.6215e-02, 
 2DIAGNOSTIC,    10, -3.976066970166e-01, 1.077826084747e-03, 2.3446e+00, 5.0695e-02, 
 2DIAGNOSTIC,    11, -3.981372855459e-01, 9.590954379963e-04, 2.4035e+00, 5.8934e-02, 
 2DIAGNOSTIC,    12, -3.982638040737e-01, 7.988900451159e-04, 2.4551e+00, 5.1557e-02, 
 2DIAGNOSTIC,    13, -3.983490486326e-01, 6.213703166356e-04, 2.5068e+00, 5.1661e-02, 
 2DIAGNOSTIC,    14, -3.984731135534e-01, 4.546947967737e-04, 2.5780e+00, 7.1210e-02, 
 2DIAGNOSTIC,    15, -3.985223577893e-01, 3.184004298392e-04, 2.6377e+00, 5.9700e-02, 
 2DIAGNOSTIC,    16, -3.985820828722e-01, 2.160835486277e-04, 2.7056e+00, 6.7936e-02, 
 2DIAGNOSTIC,    17, -3.986589135786e-01, 1.350940161407e-04, 2.7577e+00, 5.2092e-02, 
 2DIAGNOSTIC,    18, -3.989635408563e-01, 1.119245156494e-04, 2.8103e+00, 5.2568e-02, 
 2DIAGNOSTIC,    19, -3.990964893431e-01, 9.996635518682e-05, 2.8634e+00, 5.3164e-02, 
 2DIAGNOSTIC,    20, -3.991526677657e-01, 8.293732250702e-05, 2.9168e+00, 5.3394e-02, 
 2DIAGNOSTIC,    21, -3.992433247224e-01, 8.124932939953e-05, 2.9702e+00, 5.3380e-02, 
 2DIAGNOSTIC,    22, -3.996198004525e-01, 8.855557026997e-05, 3.0500e+00, 7.9783e-02, 
 2DIAGNOSTIC,    23, -4.000417858001e-01, 1.023355699070e-04, 3.1214e+00, 7.1458e-02, 
 2DIAGNOSTIC,    24, -4.001387437946e-01, 1.118160628508e-04, 3.1762e+00, 5.4792e-02, 
 2DIAGNOSTIC,    25, -4.004605665567e-01, 1.210833890790e-04, 3.2306e+00, 5.4375e-02, 
 2DIAGNOSTIC,    26, -4.005662930389e-01, 1.228979403823e-04, 3.2858e+00, 5.5243e-02, 
 2DIAGNOSTIC,    27, -4.007810798961e-01, 1.205186055821e-04, 3.3494e+00, 6.3508e-02, 
 2DIAGNOSTIC,    28, -4.010977363921e-01, 1.226505147492e-04, 3.4630e+00, 1.1364e-01, 
 2DIAGNOSTIC,    29, -4.011061272713e-01, 1.165559755189e-04, 3.5187e+00, 5.5733e-02, 
 2DIAGNOSTIC,    30, -4.011363372542e-01, 1.022446331293e-04, 3.5742e+00, 5.5490e-02, 
 2DIAGNOSTIC,    31, -4.011801393021e-01, 8.230383017661e-05, 3.6303e+00, 5.6085e-02, 
 2DIAGNOSTIC,    32, -4.012427994966e-01, 6.545492618849e-05, 3.6860e+00, 5.5664e-02, 
 2DIAGNOSTIC,    33, -4.013090910168e-01, 5.399230978310e-05, 3.7409e+00, 5.4897e-02, 
 2DIAGNOSTIC,    34, -4.013715765139e-01, 4.138904839226e-05, 3.7963e+00, 5.5464e-02, 
 2DIAGNOSTIC,    35, -4.014282458378e-01, 3.346492582944e-05, 3.8606e+00, 6.4290e-02, 
 2DIAGNOSTIC,    36, -4.014662505080e-01, 2.567550675152e-05, 3.9326e+00, 7.1961e-02, 
 2DIAGNOSTIC,    37, -4.014944580150e-01, 2.045414630886e-05, 4.0133e+00, 8.0690e-02, 
 2DIAGNOSTIC,    38, -4.014972074550e-01, 1.963290531772e-05, 4.0693e+00, 5.5997e-02, 
 2DIAGNOSTIC,    39, -4.015128151183e-01, 1.750279843894e-05, 4.1252e+00, 5.5903e-02, 
 2DIAGNOSTIC,    40, -4.015237909186e-01, 1.461021561610e-05, 4.1816e+00, 5.6473e-02, 
 2DIAGNOSTIC,    41, -4.015339921233e-01, 1.146259005974e-05, 4.2379e+00, 5.6304e-02, 
 2DIAGNOSTIC,    42, -4.015759656014e-01, 9.207730624797e-06, 4.3031e+00, 6.5145e-02, 
 2DIAGNOSTIC,    43, -4.016238176884e-01, 8.115717350179e-06, 4.3625e+00, 5.9366e-02, 
 2DIAGNOSTIC,    44, -4.019185069086e-01, 1.212197091390e-05, 4.4393e+00, 7.6857e-02, 
 2DIAGNOSTIC,    45, -4.027258183168e-01, 2.839958981817e-05, 4.5406e+00, 1.0126e-01, 
 2DIAGNOSTIC,    46, -4.028389202839e-01, 4.334831661140e-05, 4.6087e+00, 6.8140e-02, 
 2DIAGNOSTIC,    47, -4.030201910744e-01, 5.690566278061e-05, 4.6869e+00, 7.8215e-02, 
 2DIAGNOSTIC,    48, -4.032989715687e-01, 6.878693594802e-05, 4.7654e+00, 7.8483e-02, 
 2DIAGNOSTIC,    49, -4.033811397649e-01, 7.490294304592e-05, 4.8433e+00, 7.7936e-02, 
 2DIAGNOSTIC,    50, -4.034983746419e-01, 7.533432422089e-05, 4.9423e+00, 9.8944e-02, 
 2DIAGNOSTIC,    51, -4.035298575513e-01, 6.917844840066e-05, 5.0195e+00, 7.7203e-02, 
 2DIAGNOSTIC,    52, -4.036123279608e-01, 5.856103687955e-05, 5.0865e+00, 6.7024e-02, 
 2DIAGNOSTIC,    53, -4.036690990686e-01, 4.415602548223e-05, 5.1635e+00, 7.6996e-02, 
 2DIAGNOSTIC,    54, -4.037014917572e-01, 3.012707581181e-05, 5.2406e+00, 7.7111e-02, 
 2DIAGNOSTIC,    55, -4.037555370387e-01, 2.493485518221e-05, 5.3070e+00, 6.6330e-02, 
 2DIAGNOSTIC,    56, -4.038274872971e-01, 1.991301691927e-05, 5.3833e+00, 7.6367e-02, 
 2DIAGNOSTIC,    57, -4.039227323178e-01, 1.656093578004e-05, 5.4492e+00, 6.5834e-02, 
 2DIAGNOSTIC,    58, -4.040097917534e-01, 1.623364151679e-05, 5.5450e+00, 9.5831e-02, 
 2DIAGNOSTIC,    59, -4.040338269101e-01, 1.565485382833e-05, 5.6212e+00, 7.6240e-02, 
 2DIAGNOSTIC,    60, -4.040437919125e-01, 1.516675554966e-05, 5.6971e+00, 7.5848e-02, 
 2DIAGNOSTIC,    61, -4.040751197983e-01, 1.400062151180e-05, 5.7728e+00, 7.5719e-02, 
 2DIAGNOSTIC,    62, -4.041003905325e-01, 1.277554586961e-05, 5.8479e+00, 7.5148e-02, 
 2DIAGNOSTIC,    63, -4.041062119135e-01, 1.110135790230e-05, 5.9135e+00, 6.5598e-02, 
 2DIAGNOSTIC,    64, -4.041172110391e-01, 8.949534491747e-06, 5.9796e+00, 6.6066e-02, 
 2DIAGNOSTIC,    65, -4.041285731614e-01, 6.768048651743e-06, 6.0551e+00, 7.5467e-02, 
 2DIAGNOSTIC,    66, -4.041547580782e-01, 5.081586034416e-06, 6.1203e+00, 6.5184e-02, 
 2DIAGNOSTIC,    67, -4.042737592427e-01, 5.238994208231e-06, 6.1839e+00, 6.3609e-02, 
 2DIAGNOSTIC,    68, -4.044016453783e-01, 7.141369291561e-06, 6.2861e+00, 1.0228e-01, 
 2DIAGNOSTIC,    69, -4.044214827527e-01, 8.780169337818e-06, 6.3497e+00, 6.3600e-02, 
 2DIAGNOSTIC,    70, -4.044975500758e-01, 1.046246073850e-05, 6.4136e+00, 6.3813e-02, 
 2DIAGNOSTIC,    71, -4.045631906920e-01, 1.208780388502e-05, 6.4867e+00, 7.3190e-02, 
 2DIAGNOSTIC,    72, -4.045954894349e-01, 1.308176653794e-05, 6.5524e+00, 6.5631e-02, 
 2DIAGNOSTIC,    73, -4.046765376431e-01, 1.365974048841e-05, 6.6360e+00, 8.3583e-02, 
 2DIAGNOSTIC,    74, -4.047059366515e-01, 1.333291696837e-05, 6.6992e+00, 6.3223e-02, 
 2DIAGNOSTIC,    75, -4.047448874678e-01, 1.226259497886e-05, 6.7719e+00, 7.2693e-02, 
 2DIAGNOSTIC,    76, -4.047991460157e-01, 1.080491903454e-05, 6.8350e+00, 6.3135e-02, 
 2DIAGNOSTIC,    77, -4.048637794484e-01, 1.003674727448e-05, 6.9055e+00, 7.0490e-02, 
 2DIAGNOSTIC,    78, -4.049093905189e-01, 9.928367089997e-06, 6.9754e+00, 6.9887e-02, 
 2DIAGNOSTIC,    79, -4.049556131651e-01, 9.482837326054e-06, 7.0450e+00, 6.9659e-02, 
 2DIAGNOSTIC,    80, -4.050800226695e-01, 9.938757017056e-06, 7.1055e+00, 6.0461e-02, 
 2DIAGNOSTIC,    81, -4.051769516522e-01, 1.085650653298e-05, 7.1756e+00, 7.0110e-02, 
 2DIAGNOSTIC,    82, -4.052228229920e-01, 1.138722164599e-05, 7.2452e+00, 6.9572e-02, 
 2DIAGNOSTIC,    83, -4.052808971654e-01, 1.203932921667e-05, 7.3434e+00, 9.8180e-02, 
 2DIAGNOSTIC,    84, -4.052952878695e-01, 1.191555150868e-05, 7.4046e+00, 6.1214e-02, 
 2DIAGNOSTIC,    85, -4.053198192428e-01, 1.119484028454e-05, 7.4658e+00, 6.1170e-02, 
 2DIAGNOSTIC,    86, -4.053270374655e-01, 9.931360040349e-06, 7.5270e+00, 6.1260e-02, 
 2DIAGNOSTIC,    87, -4.053427276638e-01, 8.428307807401e-06, 7.5885e+00, 6.1501e-02, 
 2DIAGNOSTIC,    88, -4.053783338406e-01, 6.838051369923e-06, 7.6878e+00, 9.9336e-02, 
 2DIAGNOSTIC,    89, -4.053952375867e-01, 5.136356752498e-06, 7.7531e+00, 6.5242e-02, 
 2DIAGNOSTIC,    90, -4.054069194723e-01, 4.068119025554e-06, 7.8155e+00, 6.2424e-02, 
 2DIAGNOSTIC,    91, -4.054392579753e-01, 3.667627335346e-06, 7.8972e+00, 8.1717e-02, 
 2DIAGNOSTIC,    92, -4.054581567489e-01, 3.437466165167e-06, 7.9591e+00, 6.1890e-02, 
 2DIAGNOSTIC,    93, -4.055079572270e-01, 3.728447078445e-06, 8.0209e+00, 6.1739e-02, 
 2DIAGNOSTIC,    94, -4.055673253777e-01, 4.229291465674e-06, 8.1116e+00, 9.0772e-02, 
 2DIAGNOSTIC,    95, -4.056180063184e-01, 4.898368765049e-06, 8.1742e+00, 6.2567e-02, 
 2DIAGNOSTIC,    96, -4.056676673694e-01, 5.528331204117e-06, 8.2368e+00, 6.2553e-02, 
 2DIAGNOSTIC,    97, -4.057442666717e-01, 6.306882482057e-06, 8.3089e+00, 7.2175e-02, 
 2DIAGNOSTIC,    98, -4.057817598455e-01, 7.005626224320e-06, 8.3725e+00, 6.3558e-02, 
 2DIAGNOSTIC,    99, -4.060041306529e-01, 8.749036406691e-06, 8.4352e+00, 6.2737e-02, 
 2DIAGNOSTIC,   100, -4.062175691594e-01, 1.119115486869e-05, 8.5372e+00, 1.0201e-01, 
 2DIAGNOSTIC,   101, -4.063281527906e-01, 1.350987080288e-05, 8.6005e+00, 6.3298e-02, 
 2DIAGNOSTIC,   102, -4.064279734960e-01, 1.533787902780e-05, 8.6635e+00, 6.2992e-02, 
 2DIAGNOSTIC,   103, -4.066003578820e-01, 1.719817700439e-05, 8.7257e+00, 6.2128e-02, 
 2DIAGNOSTIC,   104, -4.080129075303e-01, 2.734080169925e-05, 8.8263e+00, 1.0065e-01, 
 2DIAGNOSTIC,   105, -4.084148001754e-01, 3.743401940321e-05, 8.8879e+00, 6.1570e-02, 
 2DIAGNOSTIC,   106, -4.088250173141e-01, 4.684802012614e-05, 8.9508e+00, 6.2907e-02, 
 2DIAGNOSTIC,   107, -4.091045548610e-01, 5.404530226868e-05, 9.0328e+00, 8.2055e-02, 
 2DIAGNOSTIC,   108, -4.092514443697e-01, 5.705814860928e-05, 9.0954e+00, 6.2514e-02, 
 2DIAGNOSTIC,   109, -4.093931249228e-01, 5.672105243762e-05, 9.1579e+00, 6.2520e-02, 
 2DIAGNOSTIC,   110, -4.096325530262e-01, 5.375962681765e-05, 9.2230e+00, 6.5144e-02, 
 2DIAGNOSTIC,   111, -4.104763862575e-01, 5.180034195978e-05, 9.3169e+00, 9.3903e-02, 
 2DIAGNOSTIC,   112, -4.109063118376e-01, 4.817571630964e-05, 9.3805e+00, 6.3589e-02, 
 2DIAGNOSTIC,   113, -4.114205272579e-01, 4.406474938998e-05, 9.4545e+00, 7.4024e-02, 
 2DIAGNOSTIC,   114, -4.117672250745e-01, 4.665603612416e-05, 9.5470e+00, 9.2501e-02, 
 2DIAGNOSTIC,   115, -4.118519572069e-01, 4.762502108503e-05, 9.6114e+00, 6.4393e-02, 
 2DIAGNOSTIC,   116, -4.122823781488e-01, 4.903085171521e-05, 9.6742e+00, 6.2748e-02, 
 2DIAGNOSTIC,   117, -4.124361095143e-01, 4.819499549960e-05, 9.7371e+00, 6.2942e-02, 
 2DIAGNOSTIC,   118, -4.126775405968e-01, 4.506471259877e-05, 9.8194e+00, 8.2319e-02, 
 2DIAGNOSTIC,   119, -4.130024078814e-01, 4.043136872439e-05, 9.8820e+00, 6.2590e-02, 
 2DIAGNOSTIC,   120, -4.131425514519e-01, 3.409964619200e-05, 9.9449e+00, 6.2858e-02, 
 2DIAGNOSTIC,   121, -4.133442807179e-01, 3.065140031763e-05, 1.0017e+01, 7.2500e-02, 
 2DIAGNOSTIC,   122, -4.134382563183e-01, 2.726204365199e-05, 1.0109e+01, 9.1618e-02, 
 2DIAGNOSTIC,   123, -4.135924045971e-01, 2.510272630198e-05, 1.0172e+01, 6.2579e-02, 
 2DIAGNOSTIC,   124, -4.137133215963e-01, 2.321436439552e-05, 1.0253e+01, 8.1093e-02, 
 2DIAGNOSTIC,   125, -4.139379943143e-01, 2.081015289134e-05, 1.0314e+01, 6.1316e-02, 
 2DIAGNOSTIC,   126, -4.142025025695e-01, 2.031494673611e-05, 1.0376e+01, 6.2452e-02, 
 2DIAGNOSTIC,   127, -4.147347699148e-01, 2.164460833563e-05, 1.0474e+01, 9.7589e-02, 
 2DIAGNOSTIC,   128, -4.150601460211e-01, 2.390291187848e-05, 1.0535e+01, 6.0715e-02, 
 2DIAGNOSTIC,   129, -4.156204221851e-01, 2.864291178626e-05, 1.0595e+01, 6.0245e-02, 
 2DIAGNOSTIC,   130, -4.165396064337e-01, 3.622159542608e-05, 1.0664e+01, 6.9086e-02, 
 2DIAGNOSTIC,   131, -4.169950273817e-01, 4.360565080961e-05, 1.0734e+01, 6.9732e-02, 
 2DIAGNOSTIC,   132, -4.170685887894e-01, 4.754058515675e-05, 1.0794e+01, 5.9828e-02, 
 2DIAGNOSTIC,   133, -4.171442981938e-01, 4.810333930592e-05, 1.0864e+01, 7.0344e-02, 
 2DIAGNOSTIC,   134, -4.172958220523e-01, 4.542643935401e-05, 1.0951e+01, 8.7510e-02, 
 2DIAGNOSTIC,   135, -4.174472702269e-01, 4.027006026200e-05, 1.1013e+01, 6.1375e-02, 
 2DIAGNOSTIC,   136, -4.175171695510e-01, 3.295527171048e-05, 1.1073e+01, 6.0180e-02, 
 2DIAGNOSTIC,   137, -4.177736882127e-01, 2.667373251772e-05, 1.1143e+01, 7.0396e-02, 
 2DIAGNOSTIC,   138, -4.180620168322e-01, 2.102079463213e-05, 1.1233e+01, 8.9061e-02, 
 2DIAGNOSTIC,   139, -4.181875755478e-01, 1.675806093670e-05, 1.1302e+01, 6.9738e-02, 
 2DIAGNOSTIC,   140, -4.182117136735e-01, 1.562772846834e-05, 1.1373e+01, 7.0312e-02, 
 2DIAGNOSTIC,   141, -4.182293039979e-01, 1.539152165351e-05, 1.1444e+01, 7.1238e-02, 
 2DIAGNOSTIC,   142, -4.182491333036e-01, 1.413923070807e-05, 1.1532e+01, 8.8085e-02, 
 2DIAGNOSTIC,   143, -4.182496578600e-01, 1.189047849393e-05, 1.1592e+01, 6.0480e-02, 
 2DIAGNOSTIC,   144, -4.182508356701e-01, 9.274190580070e-06, 1.1654e+01, 6.1184e-02, 
 2DIAGNOSTIC,   145, -4.182520152875e-01, 6.578653498208e-06, 1.1715e+01, 6.1125e-02, 
 2DIAGNOSTIC,   146, -4.182533222441e-01, 3.634643831376e-06, 1.1781e+01, 6.6059e-02, 
 2DIAGNOSTIC,   147, -4.182555259901e-01, 1.600775341709e-06, 1.1849e+01, 6.8453e-02, 
DIAGNOSTIC,Iteration,metricValue,convergenceValue,ITERATION_TIME_INDEX,SINCE_LAST
 2DIAGNOSTIC,     1, -3.765075617431e-01, 1.797693134862e+308, 1.2507e+01, 6.5754e-01, 
  Elapsed time (stage 1): 1.2620e+01


Total elapsed time: 1.8955e+01
 Registration finished. The antsRegistration call was:
--------------------------------------------------------------------------------------
antsRegistration --verbose 1 --random-seed 1234 --dimensionality 3 --float 0 --collapse-output-transforms 1 --output [ S1__output,S1__outputWarped.nii.gz,S1__outputInverseWarped.nii.gz ] --interpolation Linear --use-histogram-matching 0 --winsorize-image-intensities [ 0.005,0.995 ] --initial-moving-transform [ fa.nii.gz,mni_masked.nii.gz,1 ] --transform Rigid[ 0.1 ] --metric MI[ fa.nii.gz,mni_masked.nii.gz,1,32,Regular,0.25 ] --convergence [ 1000x500x250x0,1e-6,10 ] --shrink-factors 8x4x2x1 --smoothing-sigmas 3x2x1x0vox --transform Affine[ 0.1 ] --metric MI[ fa.nii.gz,mni_masked.nii.gz,1,32,Regular,0.25 ] --convergence [ 1000x500x250x0,1e-6,10 ] --shrink-factors 8x4x2x1 --smoothing-sigmas 3x2x1x0vox
--------------------------------------------------------------------------------------
Moving image resampled into fixed space: S1__outputWarped.nii.gz
Fixed image resampled into moving space: S1__outputInverseWarped.nii.gz
--------------------------------------------------------------------------------------
